# GNU Make 3.81
# Copyright (C) 2006  Free Software Foundation, Inc.
# This is free software; see the source for copying conditions.
# There is NO warranty; not even for MERCHANTABILITY or FITNESS FOR A
# PARTICULAR PURPOSE.

# This program built for i386-apple-darwin11.3.0
 

# Make data base, printed on Thu Jul 28 01:01:47 2022

# Variables

# environment
VSCODE_GIT_ASKPASS_MAIN = /Applications/Visual Studio Code.app/Contents/Resources/app/extensions/git/dist/askpass-main.js
# automatic
<D = $(patsubst %/,%,$(dir $<))
# automatic
?F = $(notdir $?)
# environment
ELECTRON_NO_ATTACH_CONSOLE = 1
# environment
NVM_INC = /Users/donghwishin/.nvm/versions/node/v16.15.1/include/node
# automatic
?D = $(patsubst %/,%,$(dir $?))
# automatic
@D = $(patsubst %/,%,$(dir $@))
# automatic
@F = $(notdir $@)
# makefile
CURDIR := /Users/donghwishin/workspace/react-native-apps/shindonghwi_info
# makefile
SHELL = /bin/sh
# environment
VSCODE_NLS_CONFIG = {"locale":"ko","availableLanguages":{"*":"ko"},"_languagePackId":"2dff5cff996ed6cbe8d8aa8740f86aa0.ko","_translationsConfigFile":"/Users/donghwishin/Library/Application Support/Code/clp/2dff5cff996ed6cbe8d8aa8740f86aa0.ko/tcf.json","_cacheRoot":"/Users/donghwishin/Library/Application Support/Code/clp/2dff5cff996ed6cbe8d8aa8740f86aa0.ko","_resolvedLanguagePackCoreLocation":"/Users/donghwishin/Library/Application Support/Code/clp/2dff5cff996ed6cbe8d8aa8740f86aa0.ko/b06ae3b2d2dbfe28bca3134cc6be65935cdfea6a","_corruptedFile":"/Users/donghwishin/Library/Application Support/Code/clp/2dff5cff996ed6cbe8d8aa8740f86aa0.ko/corrupted.info","_languagePackSupport":true}
# environment
_ = /usr/bin/make
# makefile (from `Makefile', line 1)
MAKEFILE_LIST :=  Makefile
# environment
__CFBundleIdentifier = com.microsoft.VSCode
# environment
VSCODE_CWD = /Users/donghwishin/workspace/react-native-apps/shindonghwi_info
# environment
PATH = /Users/donghwishin/.nvm/versions/node/v16.15.1/bin:/usr/local/opt/libpq/bin:/opt/homebrew/bin:/usr/local/bin:/usr/bin:/bin:/usr/sbin:/sbin:/usr/local/go/bin:/Users/donghwishin/Library/Android/sdk/emulator:/Users/donghwishin/Library/Android/sdk/tools:/Users/donghwishin/Library/Android/sdk/tools/bin:/Users/donghwishin/Library/Android/sdk/platform-tools
# environment
NVM_BIN = /Users/donghwishin/.nvm/versions/node/v16.15.1/bin
# environment
LaunchInstanceID = A6B1197F-1ACC-4202-91AA-A2B316D18610
# environment
ELECTRON_RUN_AS_NODE = 1
# environment
ANDROID_HOME = /Users/donghwishin/Library/Android/sdk
# default
.FEATURES := target-specific order-only second-expansion else-if archives jobserver check-symlink
# environment
SSH_AUTH_SOCK = /private/tmp/com.apple.launchd.U55IAELS40/Listeners
# automatic
%F = $(notdir $%)
# environment
PWD = /Users/donghwishin/workspace/react-native-apps/shindonghwi_info
# environment
ORIGINAL_XDG_CURRENT_DESKTOP = undefined
# environment
VSCODE_AMD_ENTRYPOINT = vs/workbench/api/node/extensionHostProcess
# environment
HOME = /Users/donghwishin
# default
MAKEFILEPATH := /Applications/Xcode.app/Contents/Developer/Makefiles
# environment
VSCODE_CLI = 1
# environment
VSCODE_CODE_CACHE_PATH = /Users/donghwishin/Library/Application Support/Code/CachedData/b06ae3b2d2dbfe28bca3134cc6be65935cdfea6a
# environment
LOGNAME = donghwishin
# environment
APPLICATION_INSIGHTS_NO_DIAGNOSTIC_CHANNEL = true
# environment
NVM_CD_FLAGS = -q
# environment
VSCODE_HANDLES_UNCAUGHT_ERRORS = true
# automatic
^D = $(patsubst %/,%,$(dir $^))
# environment
MAKELEVEL := 0
# environment
XPC_FLAGS = 0x0
# environment
COLORTERM = truecolor
# default
MAKE = $(MAKE_COMMAND)
# default
MAKECMDGOALS := all
# environment
SHLVL = 5
# default
MAKE_VERSION := 3.81
# environment
USER = donghwishin
# makefile
.DEFAULT_GOAL := 
# environment
TERM_SESSION_ID = 157665E1-E809-4E34-8A0B-4FDE194130BC
# automatic
%D = $(patsubst %/,%,$(dir $%))
# default
MAKE_COMMAND := /Applications/Xcode.app/Contents/Developer/usr/bin/make
# environment
VSCODE_GIT_ASKPASS_EXTRA_ARGS = --ms-enable-electron-run-as-node
# environment
TERM_PROGRAM = vscode
# default
.VARIABLES := 
# environment
TMPDIR = /var/folders/72/f9vd7rrs3t1114fx4q8vzn7r0000gn/T/
# automatic
*F = $(notdir $*)
# environment
VSCODE_IPC_HOOK = /Users/donghwishin/Library/Application Support/Code/1.69.1-main.sock
# environment
VSCODE_GIT_ASKPASS_NODE = /Applications/Visual Studio Code.app/Contents/Frameworks/Code Helper.app/Contents/MacOS/Code Helper
# environment
MallocNanoZone = 0
# makefile
MAKEFLAGS = Rrqp
# environment
MFLAGS = -Rrqp
# automatic
*D = $(patsubst %/,%,$(dir $*))
# environment
TERM_PROGRAM_VERSION = 1.69.1
# environment
NVM_DIR = /Users/donghwishin/.nvm
# environment
XPC_SERVICE_NAME = application.com.microsoft.VSCode.6881407.6881413.208E87A9-68D8-40D4-89E3-23B081F10F77
# automatic
+D = $(patsubst %/,%,$(dir $+))
# automatic
+F = $(notdir $+)
# environment
__CF_USER_TEXT_ENCODING = 0x1F5:0x3:0x33
# environment
COMMAND_MODE = unix2003
# environment
GIT_ASKPASS = /Applications/Visual Studio Code.app/Contents/Resources/app/extensions/git/dist/askpass.sh
# default
MAKEFILES := 
# automatic
<F = $(notdir $<)
# environment
LC_ALL = C
# environment
SECURITYSESSIONID = 186a5
# automatic
^F = $(notdir $^)
# default
SUFFIXES := 
# environment
SDKROOT = /Applications/Xcode.app/Contents/Developer/Platforms/MacOSX.platform/Developer/SDKs/MacOSX12.3.sdk
# default
.INCLUDE_DIRS = /usr/local/include
# environment
VSCODE_GIT_IPC_HANDLE = /var/folders/72/f9vd7rrs3t1114fx4q8vzn7r0000gn/T/vscode-git-68a9b6d436.sock
# environment
LANG = C
# environment
TERM = xterm-256color
# environment
VSCODE_PID = 1576
# variable set hash-table stats:
# Load=78/1024=8%, Rehash=0, Collisions=3/101=3%

# Pattern-specific Variable Values

# No pattern-specific variable values.

# Directories

# . (device 16777234, inode 8697809): 25 files, no impossibilities.

# 25 files, no impossibilities in 1 directories.

# Implicit Rules

# No implicit rules.

# Files

# Not a target:
all:
#  Command-line target.
#  Implicit rule search has been done.
#  File does not exist.
#  File has not been updated.
# variable set hash-table stats:
# Load=0/32=0%, Rehash=0, Collisions=0/0=0%

# Not a target:
.SUFFIXES:
#  Implicit rule search has not been done.
#  Modification time never checked.
#  File has not been updated.

# Not a target:
Makefile:
#  Implicit rule search has been done.
#  Last modified 2022-07-28 01:01:40
#  File has been updated.
#  Successfully updated.
# variable set hash-table stats:
# Load=0/32=0%, Rehash=0, Collisions=0/0=0%

# Not a target:
.DEFAULT:
#  Implicit rule search has not been done.
#  Modification time never checked.
#  File has not been updated.

# files hash-table stats:
# Load=4/1024=0%, Rehash=0, Collisions=0/16=0%
# VPATH Search Paths

# No `vpath' search paths.

# No general (`VPATH' variable) search path.

# # of strings in strcache: 1
# # of strcache buffers: 1
# strcache size: total = 4096 / max = 4096 / min = 4096 / avg = 4096
# strcache free: total = 4087 / max = 4087 / min = 4087 / avg = 4087

# Finished Make data base on Thu Jul 28 01:01:47 2022

 
make: *** No rule to make target `all'.  Stop.

